<?xml version="1.0" encoding="UTF-8"?>
<testng-results ignored="0" total="1" passed="1" failed="0" skipped="0">
  <reporter-output>
  </reporter-output>
  <suite started-at="2025-05-09T12:18:22 IST" name="Default suite" finished-at="2025-05-09T12:18:44 IST" duration-ms="21803">
    <groups>
    </groups>
    <test started-at="2025-05-09T12:18:22 IST" name="Default test" finished-at="2025-05-09T12:18:44 IST" duration-ms="21803">
      <class name="demoProject.AddProductTest">
        <test-method signature="Addproduct()[pri:0, instance:demoProject.AddProductTest@692f203f]" started-at="2025-05-09T12:18:22 IST" name="Addproduct" finished-at="2025-05-09T12:18:44 IST" duration-ms="21748" status="PASS">
          <reporter-output>
          </reporter-output>
        </test-method> <!-- Addproduct -->
      </class> <!-- demoProject.AddProductTest -->
    </test> <!-- Default test -->
  </suite> <!-- Default suite -->
</testng-results>
